<?xml version="1.0" encoding="UTF-8"?>
<!-- Generated by org.testng.reporters.JUnitReportReporter -->
<testsuite skipped="0" hostname="BDC4B-D-9XY2T72" name="SeleniumPlus.LoginTest" tests="1" failures="0" timestamp="26 Jul 2018 10:57:27 GMT" time="41.174" errors="0">
  <testcase name="keysActionsExample" time="41.174" classname="SeleniumPlus.LoginTest"/>
</testsuite> <!-- SeleniumPlus.LoginTest -->
