<?xml version="1.0" encoding="UTF-8"?>
<!-- Generated by org.testng.reporters.JUnitReportReporter -->
<testsuite skipped="0" hostname="BDC4B-D-9XY2T72" name="SeleniumPlus.NewTest7" tests="1" failures="0" timestamp="27 Jul 2018 05:54:59 GMT" time="19.717" errors="0">
  <testcase name="testLogin" time="19.717" classname="SeleniumPlus.NewTest7"/>
</testsuite> <!-- SeleniumPlus.NewTest7 -->
